2024-03-20 10:46:37.840 [restartedMain] INFO  com.mli.assetjdbc.ApiSpringBoot2Application - Starting ApiSpringBoot2Application using Java 11.0.22 on 90C30OAD3031104 with PID 15072 (D:\Users\D3031104\Desktop\asset-jbdc\target\classes started by D3031104 in D:\Users\D3031104\Desktop\asset-jbdc)
2024-03-20 10:46:37.840 [restartedMain] INFO  com.mli.assetjdbc.ApiSpringBoot2Application - No active profile set, falling back to 1 default profile: "default"
2024-03-20 10:46:37.998 [restartedMain] INFO  o.s.boot.web.embedded.tomcat.TomcatWebServer - Tomcat initialized with port(s): 8091 (http)
2024-03-20 10:46:37.999 [restartedMain] INFO  org.apache.coyote.http11.Http11NioProtocol - Initializing ProtocolHandler ["http-nio-8091"]
2024-03-20 10:46:37.999 [restartedMain] INFO  org.apache.catalina.core.StandardService - Starting service [Tomcat]
2024-03-20 10:46:37.999 [restartedMain] INFO  org.apache.catalina.core.StandardEngine - Starting Servlet engine: [Apache Tomcat/9.0.76]
2024-03-20 10:46:38.006 [restartedMain] INFO  o.a.c.c.C.[Tomcat].[localhost].[/practice5] - Initializing Spring embedded WebApplicationContext
2024-03-20 10:46:38.007 [restartedMain] INFO  o.s.b.w.s.c.ServletWebServerApplicationContext - Root WebApplicationContext: initialization completed in 166 ms
2024-03-20 10:46:38.091 [restartedMain] INFO  o.s.b.d.autoconfigure.OptionalLiveReloadServer - LiveReload server is running on port 35729
2024-03-20 10:46:38.094 [restartedMain] INFO  org.apache.coyote.http11.Http11NioProtocol - Starting ProtocolHandler ["http-nio-8091"]
2024-03-20 10:46:38.095 [restartedMain] INFO  o.s.boot.web.embedded.tomcat.TomcatWebServer - Tomcat started on port(s): 8091 (http) with context path '/practice5'
2024-03-20 10:46:38.097 [restartedMain] INFO  com.mli.assetjdbc.ApiSpringBoot2Application - Started ApiSpringBoot2Application in 0.277 seconds (JVM running for 171.52)
2024-03-20 10:46:38.099 [restartedMain] INFO  o.s.b.d.a.ConditionEvaluationDeltaLoggingListener - Condition evaluation unchanged
2024-03-20 10:46:38.330 [http-nio-8091-exec-2] INFO  o.a.c.c.C.[Tomcat].[localhost].[/practice5] - Initializing Spring DispatcherServlet 'dispatcherServlet'
2024-03-20 10:46:38.330 [http-nio-8091-exec-2] INFO  org.springframework.web.servlet.DispatcherServlet - Initializing Servlet 'dispatcherServlet'
2024-03-20 10:46:38.331 [http-nio-8091-exec-2] INFO  org.springframework.web.servlet.DispatcherServlet - Completed initialization in 1 ms
2024-03-20 10:46:38.333 [http-nio-8091-exec-2] INFO  com.mli.assetjdbc.controller.AssetsController - 新增的資產：{ id='0', assetNumber='A023', assetName='Computer', unitOfUse='Office', user='John Doe', creationDate='2024-03-18', value='1500.0'}
2024-03-20 10:46:38.334 [http-nio-8091-exec-2] INFO  com.mli.assetjdbc.controller.AssetsController - 資產編號：A023
2024-03-20 10:46:38.337 [http-nio-8091-exec-2] INFO  com.zaxxer.hikari.HikariDataSource - HikariPool-2 - Starting...
2024-03-20 10:46:38.338 [http-nio-8091-exec-2] INFO  com.zaxxer.hikari.HikariDataSource - HikariPool-2 - Start completed.
2024-03-20 10:46:39.499 [http-nio-8091-exec-4] INFO  com.mli.assetjdbc.controller.AssetsController - 新增的資產：{ id='0', assetNumber='A023', assetName='Computer', unitOfUse='Office', user='John Doe', creationDate='2024-03-18', value='1500.0'}
2024-03-20 10:46:39.499 [http-nio-8091-exec-4] INFO  com.mli.assetjdbc.controller.AssetsController - 資產編號：A023
2024-03-20 10:46:40.662 [File Watcher] INFO  o.s.b.d.a.LocalDevToolsAutoConfiguration$RestartingClassPathChangeChangedEventListener - Restarting due to 2 class path changes (1 addition, 0 deletions, 1 modification)
2024-03-20 10:46:40.678 [Thread-9] INFO  org.apache.coyote.http11.Http11NioProtocol - Pausing ProtocolHandler ["http-nio-8091"]
2024-03-20 10:46:40.678 [Thread-9] INFO  org.apache.catalina.core.StandardService - Stopping service [Tomcat]
2024-03-20 10:46:40.679 [Thread-9] INFO  o.a.c.c.C.[Tomcat].[localhost].[/practice5] - Destroying Spring FrameworkServlet 'dispatcherServlet'
2024-03-20 10:46:40.680 [Thread-9] WARN  org.apache.catalina.loader.WebappClassLoaderBase - The web application [practice5] appears to have started a thread named [HikariPool-2 housekeeper] but has failed to stop it. This is very likely to create a memory leak. Stack trace of thread:
 java.base@11.0.22/jdk.internal.misc.Unsafe.park(Native Method)
 java.base@11.0.22/java.util.concurrent.locks.LockSupport.parkNanos(LockSupport.java:234)
 java.base@11.0.22/java.util.concurrent.locks.AbstractQueuedSynchronizer$ConditionObject.awaitNanos(AbstractQueuedSynchronizer.java:2123)
 java.base@11.0.22/java.util.concurrent.ScheduledThreadPoolExecutor$DelayedWorkQueue.take(ScheduledThreadPoolExecutor.java:1182)
 java.base@11.0.22/java.util.concurrent.ScheduledThreadPoolExecutor$DelayedWorkQueue.take(ScheduledThreadPoolExecutor.java:899)
 java.base@11.0.22/java.util.concurrent.ThreadPoolExecutor.getTask(ThreadPoolExecutor.java:1054)
 java.base@11.0.22/java.util.concurrent.ThreadPoolExecutor.runWorker(ThreadPoolExecutor.java:1114)
 java.base@11.0.22/java.util.concurrent.ThreadPoolExecutor$Worker.run(ThreadPoolExecutor.java:628)
 java.base@11.0.22/java.lang.Thread.run(Thread.java:829)
2024-03-20 10:46:40.681 [Thread-9] WARN  org.apache.catalina.loader.WebappClassLoaderBase - The web application [practice5] appears to have started a thread named [HikariPool-2 connection adder] but has failed to stop it. This is very likely to create a memory leak. Stack trace of thread:
 java.base@11.0.22/jdk.internal.misc.Unsafe.park(Native Method)
 java.base@11.0.22/java.util.concurrent.locks.LockSupport.parkNanos(LockSupport.java:234)
 java.base@11.0.22/java.util.concurrent.locks.AbstractQueuedSynchronizer$ConditionObject.awaitNanos(AbstractQueuedSynchronizer.java:2123)
 java.base@11.0.22/java.util.concurrent.LinkedBlockingQueue.poll(LinkedBlockingQueue.java:458)
 java.base@11.0.22/java.util.concurrent.ThreadPoolExecutor.getTask(ThreadPoolExecutor.java:1053)
 java.base@11.0.22/java.util.concurrent.ThreadPoolExecutor.runWorker(ThreadPoolExecutor.java:1114)
 java.base@11.0.22/java.util.concurrent.ThreadPoolExecutor$Worker.run(ThreadPoolExecutor.java:628)
 java.base@11.0.22/java.lang.Thread.run(Thread.java:829)
2024-03-20 10:46:40.682 [Thread-9] INFO  org.apache.coyote.http11.Http11NioProtocol - Stopping ProtocolHandler ["http-nio-8091"]
2024-03-20 10:46:40.683 [Thread-9] INFO  org.apache.coyote.http11.Http11NioProtocol - Destroying ProtocolHandler ["http-nio-8091"]
2024-03-20 10:46:40.684 [Thread-9] INFO  com.zaxxer.hikari.HikariDataSource - HikariPool-2 - Shutdown initiated...
2024-03-20 10:46:40.685 [Thread-9] INFO  com.zaxxer.hikari.HikariDataSource - HikariPool-2 - Shutdown completed.
