2024-03-20 11:41:02.073 [restartedMain] INFO  com.mli.assetjdbc.ApiSpringBoot2Application - Starting ApiSpringBoot2Application using Java 11.0.22 on 90C30OAD3031104 with PID 14480 (D:\Users\D3031104\Desktop\asset-jbdc\target\classes started by D3031104 in D:\Users\D3031104\Desktop\asset-jbdc)
2024-03-20 11:41:02.073 [restartedMain] INFO  com.mli.assetjdbc.ApiSpringBoot2Application - No active profile set, falling back to 1 default profile: "default"
2024-03-20 11:41:02.134 [restartedMain] INFO  o.s.boot.web.embedded.tomcat.TomcatWebServer - Tomcat initialized with port(s): 8091 (http)
2024-03-20 11:41:02.134 [restartedMain] INFO  org.apache.coyote.http11.Http11NioProtocol - Initializing ProtocolHandler ["http-nio-8091"]
2024-03-20 11:41:02.134 [restartedMain] INFO  org.apache.catalina.core.StandardService - Starting service [Tomcat]
2024-03-20 11:41:02.134 [restartedMain] INFO  org.apache.catalina.core.StandardEngine - Starting Servlet engine: [Apache Tomcat/9.0.76]
2024-03-20 11:41:02.138 [restartedMain] INFO  o.a.c.c.C.[Tomcat].[localhost].[/practice5] - Initializing Spring embedded WebApplicationContext
2024-03-20 11:41:02.138 [restartedMain] INFO  o.s.b.w.s.c.ServletWebServerApplicationContext - Root WebApplicationContext: initialization completed in 64 ms
2024-03-20 11:41:02.166 [restartedMain] INFO  o.s.b.d.autoconfigure.OptionalLiveReloadServer - LiveReload server is running on port 35729
2024-03-20 11:41:02.168 [restartedMain] INFO  org.apache.coyote.http11.Http11NioProtocol - Starting ProtocolHandler ["http-nio-8091"]
2024-03-20 11:41:02.169 [restartedMain] INFO  o.s.boot.web.embedded.tomcat.TomcatWebServer - Tomcat started on port(s): 8091 (http) with context path '/practice5'
2024-03-20 11:41:02.170 [restartedMain] INFO  com.mli.assetjdbc.ApiSpringBoot2Application - Started ApiSpringBoot2Application in 0.108 seconds (JVM running for 170.966)
2024-03-20 11:41:13.035 [http-nio-8091-exec-2] INFO  o.a.c.c.C.[Tomcat].[localhost].[/practice5] - Initializing Spring DispatcherServlet 'dispatcherServlet'
2024-03-20 11:41:13.035 [http-nio-8091-exec-2] INFO  org.springframework.web.servlet.DispatcherServlet - Initializing Servlet 'dispatcherServlet'
2024-03-20 11:41:13.036 [http-nio-8091-exec-2] INFO  org.springframework.web.servlet.DispatcherServlet - Completed initialization in 0 ms
2024-03-20 11:41:13.037 [http-nio-8091-exec-2] INFO  com.mli.assetjdbc.controller.AssetsController - 資產編號：null
2024-03-20 11:41:13.039 [http-nio-8091-exec-2] INFO  com.zaxxer.hikari.HikariDataSource - HikariPool-11 - Starting...
2024-03-20 11:41:13.040 [http-nio-8091-exec-2] INFO  com.zaxxer.hikari.HikariDataSource - HikariPool-11 - Start completed.
2024-03-20 11:41:13.040 [http-nio-8091-exec-2] INFO  com.mli.assetjdbc.controller.AssetsController - null
2024-03-20 11:43:52.798 [http-nio-8091-exec-10] INFO  com.mli.assetjdbc.controller.AssetsController - 資產編號：null
2024-03-20 11:43:52.798 [http-nio-8091-exec-10] INFO  com.mli.assetjdbc.controller.AssetsController - null
2024-03-20 11:43:53.962 [http-nio-8091-exec-7] INFO  com.mli.assetjdbc.controller.AssetsController - 資產編號：null
2024-03-20 11:43:53.963 [http-nio-8091-exec-7] INFO  com.mli.assetjdbc.controller.AssetsController - null
2024-03-20 11:44:04.563 [http-nio-8091-exec-6] INFO  com.mli.assetjdbc.controller.AssetsController - 資產編號：null
2024-03-20 11:44:04.564 [http-nio-8091-exec-6] INFO  com.mli.assetjdbc.controller.AssetsController - null
